<?xml version="1.0" encoding="UTF-8"?>
<!-- Generated by org.testng.reporters.JUnitXMLReporter -->
<testsuite ignored="0" hostname="DESKTOP-OUM1F6T" failures="0" tests="5" name="Pet Clinic API tests" time="2.051" errors="0" timestamp="2024-11-11T23:22:36 CET">
  <testcase classname="tests.PetsApiTest" name="testAddPet" time="1.152"/>
  <testcase classname="tests.OwnersApiTest" name="testAddOwner" time="1.152"/>
  <testcase classname="tests.VetsApiTest" name="testListVeterinarians" time="1.336"/>
  <testcase classname="tests.OwnersApiTest" name="testGetOwner" time="0.499"/>
  <testcase classname="tests.OwnersApiTest" name="testListOwners" time="0.055"/>
</testsuite> <!-- Pet Clinic API tests -->
