<?xml version="1.0" encoding="UTF-8"?>
<testng-results ignored="0" total="5" passed="5" failed="0" skipped="0">
  <reporter-output>
  </reporter-output>
  <suite started-at="2024-11-13T16:19:46 CET" name="Parallel Test Suite" finished-at="2024-11-13T16:19:48 CET" duration-ms="2511">
    <groups>
    </groups>
    <test started-at="2024-11-13T16:19:46 CET" name="Pet Clinic API tests" finished-at="2024-11-13T16:19:48 CET" duration-ms="2511">
      <class name="tests.PetsApiTest">
        <test-method is-config="true" signature="setup()[pri:0, instance:tests.PetsApiTest@1fe20588]" started-at="2024-11-13T16:19:46 CET" name="setup" finished-at="2024-11-13T16:19:46 CET" duration-ms="397" status="PASS">
          <reporter-output>
          </reporter-output>
        </test-method> <!-- setup -->
        <test-method signature="testAddPet()[pri:0, instance:tests.PetsApiTest@1fe20588]" started-at="2024-11-13T16:19:46 CET" name="testAddPet" finished-at="2024-11-13T16:19:47 CET" duration-ms="1541" status="PASS">
          <reporter-output>
          </reporter-output>
        </test-method> <!-- testAddPet -->
      </class> <!-- tests.PetsApiTest -->
      <class name="tests.VetsApiTest">
        <test-method is-config="true" signature="setup()[pri:0, instance:tests.VetsApiTest@77167fb7]" started-at="2024-11-13T16:19:46 CET" name="setup" finished-at="2024-11-13T16:19:46 CET" duration-ms="397" status="PASS">
          <reporter-output>
          </reporter-output>
        </test-method> <!-- setup -->
        <test-method signature="testListVeterinarians()[pri:0, instance:tests.VetsApiTest@77167fb7]" started-at="2024-11-13T16:19:46 CET" name="testListVeterinarians" finished-at="2024-11-13T16:19:48 CET" duration-ms="1734" status="PASS">
          <reporter-output>
          </reporter-output>
        </test-method> <!-- testListVeterinarians -->
      </class> <!-- tests.VetsApiTest -->
      <class name="tests.OwnersApiTest">
        <test-method is-config="true" signature="setup()[pri:0, instance:tests.OwnersApiTest@2928854b]" started-at="2024-11-13T16:19:46 CET" name="setup" finished-at="2024-11-13T16:19:46 CET" duration-ms="397" status="PASS">
          <reporter-output>
          </reporter-output>
        </test-method> <!-- setup -->
        <test-method signature="testAddOwner()[pri:0, instance:tests.OwnersApiTest@2928854b]" started-at="2024-11-13T16:19:46 CET" name="testAddOwner" finished-at="2024-11-13T16:19:47 CET" duration-ms="1541" status="PASS">
          <reporter-output>
          </reporter-output>
        </test-method> <!-- testAddOwner -->
        <test-method signature="testGetOwner()[pri:0, instance:tests.OwnersApiTest@2928854b]" started-at="2024-11-13T16:19:48 CET" name="testGetOwner" finished-at="2024-11-13T16:19:48 CET" duration-ms="498" status="PASS">
          <reporter-output>
          </reporter-output>
        </test-method> <!-- testGetOwner -->
        <test-method signature="testListOwners()[pri:0, instance:tests.OwnersApiTest@2928854b]" started-at="2024-11-13T16:19:48 CET" name="testListOwners" finished-at="2024-11-13T16:19:48 CET" duration-ms="49" status="PASS">
          <reporter-output>
          </reporter-output>
        </test-method> <!-- testListOwners -->
      </class> <!-- tests.OwnersApiTest -->
    </test> <!-- Pet Clinic API tests -->
  </suite> <!-- Parallel Test Suite -->
</testng-results>
