<?xml version="1.0" encoding="UTF-8"?>
<!-- Generated by org.testng.reporters.JUnitXMLReporter -->
<testsuite ignored="0" hostname="DESKTOP-OUM1F6T" failures="0" tests="5" name="Pet Clinic API tests" time="2.511" errors="0" timestamp="2024-11-13T16:19:48 CET">
  <testcase classname="tests.PetsApiTest" name="testAddPet" time="1.541"/>
  <testcase classname="tests.OwnersApiTest" name="testAddOwner" time="1.541"/>
  <testcase classname="tests.VetsApiTest" name="testListVeterinarians" time="1.734"/>
  <testcase classname="tests.OwnersApiTest" name="testGetOwner" time="0.498"/>
  <testcase classname="tests.OwnersApiTest" name="testListOwners" time="0.049"/>
</testsuite> <!-- Pet Clinic API tests -->
